\BOOKMARK [0][-]{part.1}{I Fonctionnalités Python}{}% 1
\BOOKMARK [1][-]{section.1}{Constantes\040et\040types\040natifs}{part.1}% 2
\BOOKMARK [1][-]{section.2}{Variables}{part.1}% 3
\BOOKMARK [1][-]{section.3}{Classes}{part.1}% 4
\BOOKMARK [2][-]{subsection.3.1}{Structure\040d'une\040classe}{section.3}% 5
\BOOKMARK [3][-]{subsubsection.3.1.1}{Création}{subsection.3.1}% 6
\BOOKMARK [3][-]{subsubsection.3.1.2}{Constructeur}{subsection.3.1}% 7
\BOOKMARK [3][-]{subsubsection.3.1.3}{Méthodes}{subsection.3.1}% 8
\BOOKMARK [2][-]{subsection.3.2}{Héritage}{section.3}% 9
\BOOKMARK [2][-]{subsection.3.3}{Méthodes spéciales}{section.3}% 10
\BOOKMARK [3][-]{subsubsection.3.3.1}{Construction\040et\040destruction}{subsection.3.3}% 11
\BOOKMARK [3][-]{subsubsection.3.3.2}{Représentation et chaine de caractère d'un objet}{subsection.3.3}% 12
\BOOKMARK [3][-]{subsubsection.3.3.3}{Accesseur\040et\040mutateur}{subsection.3.3}% 13
\BOOKMARK [3][-]{subsubsection.3.3.4}{Méthodes de conteneur}{subsection.3.3}% 14
\BOOKMARK [3][-]{subsubsection.3.3.5}{Surcharges d'opérateur}{subsection.3.3}% 15
\BOOKMARK [2][-]{subsection.3.4}{Méthodes statiques et méthodes de classes}{section.3}% 16
\BOOKMARK [3][-]{subsubsection.3.4.1}{Méthode statique}{subsection.3.4}% 17
\BOOKMARK [3][-]{subsubsection.3.4.2}{Méthode de classe}{subsection.3.4}% 18
\BOOKMARK [3][-]{subsubsection.3.4.3}{Cas de l'héritage}{subsection.3.4}% 19
\BOOKMARK [2][-]{subsection.3.5}{Propriétés}{section.3}% 20
\BOOKMARK [3][-]{subsubsection.3.5.1}{Définition d'une propriété}{subsection.3.5}% 21
\BOOKMARK [3][-]{subsubsection.3.5.2}{Généralisation: les descripteurs}{subsection.3.5}% 22
\BOOKMARK [2][-]{subsection.3.6}{Métaclasses}{section.3}% 23
\BOOKMARK [1][-]{section.4}{Itérateur}{part.1}% 24
\BOOKMARK [1][-]{section.5}{Générateur}{part.1}% 25
\BOOKMARK [1][-]{section.6}{Décorateurs}{part.1}% 26
\BOOKMARK [2][-]{subsection.6.1}{En\040tant\040que\040classe}{section.6}% 27
\BOOKMARK [2][-]{subsection.6.2}{En\040tant\040que\040fonction}{section.6}% 28
\BOOKMARK [0][-]{part.2}{II\040Modules}{}% 29
\BOOKMARK [1][-]{section.7}{Librairie\040standard}{part.2}% 30
\BOOKMARK [2][-]{subsection.7.1}{datetime}{section.7}% 31
\BOOKMARK [2][-]{subsection.7.2}{turtle}{section.7}% 32
\BOOKMARK [2][-]{subsection.7.3}{ctypes}{section.7}% 33
\BOOKMARK [3][-]{subsubsection.7.3.1}{Boites\040de\040dialogue}{subsection.7.3}% 34
\BOOKMARK [2][-]{subsection.7.4}{keyboard}{section.7}% 35
\BOOKMARK [2][-]{subsection.7.5}{os}{section.7}% 36
\BOOKMARK [2][-]{subsection.7.6}{sys}{section.7}% 37
\BOOKMARK [1][-]{section.8}{Modules à télécharger}{part.2}% 38
\BOOKMARK [2][-]{subsection.8.1}{twilio}{section.8}% 39
\BOOKMARK [2][-]{subsection.8.2}{win10toast}{section.8}% 40
\BOOKMARK [2][-]{subsection.8.3}{splinter}{section.8}% 41
\BOOKMARK [2][-]{subsection.8.4}{pylint}{section.8}% 42
\BOOKMARK [2][-]{subsection.8.5}{autopy}{section.8}% 43
